<?xml version="1.0" encoding="UTF-8"?>
<coverage generated="1521978796723" clover="3.2.0">
  <project timestamp="1521978796723" name="All files">
    <metrics statements="5" coveredstatements="5" conditionals="14" coveredconditionals="9" methods="2" coveredmethods="2" elements="21" coveredelements="16" complexity="0" loc="5" ncloc="5" packages="1" files="1" classes="1">
      <file name="index.ts" path="/Users/davidgarwacke/src/davey/packages/davey/index.ts">
        <metrics statements="5" coveredstatements="5" conditionals="14" coveredconditionals="9" methods="2" coveredmethods="2"/>
        <line num="7" count="1" type="stmt"/>
        <line num="10" count="5" type="cond" truecount="2" falsecount="0"/>
        <line num="15" count="5" type="stmt"/>
        <line num="16" count="5" type="stmt"/>
        <line num="24" count="5" type="cond" truecount="1" falsecount="1"/>
      </file>
    </metrics>
  </project>
</coverage>
