<?xml version="1.0" encoding="UTF-8"?>
<coverage generated="1521991985973" clover="3.2.0">
  <project timestamp="1521991985973" name="All files">
    <metrics statements="1" coveredstatements="1" conditionals="6" coveredconditionals="2" methods="7" coveredmethods="5" elements="14" coveredelements="8" complexity="0" loc="1" ncloc="1" packages="1" files="1" classes="1">
      <file name="index.js" path="/Users/davidgarwacke/src/davey/packages/davey-store/lib/index.js">
        <metrics statements="1" coveredstatements="1" conditionals="6" coveredconditionals="2" methods="7" coveredmethods="5"/>
        <line num="1" count="3" type="cond" truecount="2" falsecount="4"/>
      </file>
    </metrics>
  </project>
</coverage>
