{"/Users/davidgarwacke/src/davey/packages/davey/lib/index.js": {"path":"/Users/davidgarwacke/src/davey/packages/davey/lib/index.js","statementMap":{"0":{"start":{"line":1,"column":6},"end":{"line":1,"column":166}},"1":{"start":{"line":1,"column":33},"end":{"line":1,"column":157}},"2":{"start":{"line":1,"column":74},"end":{"line":1,"column":157}},"3":{"start":{"line":1,"column":102},"end":{"line":1,"column":157}},"4":{"start":{"line":1,"column":157},"end":{"line":1,"column":165}},"5":{"start":{"line":1,"column":167},"end":{"line":1,"column":421}},"6":{"start":{"line":1,"column":197},"end":{"line":1,"column":257}},"7":{"start":{"line":1,"column":237},"end":{"line":1,"column":257}},"8":{"start":{"line":1,"column":265},"end":{"line":1,"column":381}},"9":{"start":{"line":1,"column":382},"end":{"line":1,"column":419}}},"fnMap":{"0":{"name":"(anonymous_0)","decl":{"start":{"line":1,"column":21},"end":{"line":1,"column":22}},"loc":{"start":{"line":1,"column":32},"end":{"line":1,"column":166}},"line":1},"1":{"name":"(anonymous_1)","decl":{"start":{"line":1,"column":181},"end":{"line":1,"column":182}},"loc":{"start":{"line":1,"column":196},"end":{"line":1,"column":420}},"line":1}},"branchMap":{"0":{"loc":{"start":{"line":1,"column":6},"end":{"line":1,"column":166}},"type":"binary-expr","locations":[{"start":{"line":1,"column":6},"end":{"line":1,"column":19}},{"start":{"line":1,"column":21},"end":{"line":1,"column":166}}],"line":1},"1":{"loc":{"start":{"line":1,"column":102},"end":{"line":1,"column":156}},"type":"binary-expr","locations":[{"start":{"line":1,"column":102},"end":{"line":1,"column":143}},{"start":{"line":1,"column":146},"end":{"line":1,"column":155}}],"line":1},"2":{"loc":{"start":{"line":1,"column":287},"end":{"line":1,"column":340}},"type":"cond-expr","locations":[{"start":{"line":1,"column":295},"end":{"line":1,"column":337}},{"start":{"line":1,"column":338},"end":{"line":1,"column":340}}],"line":1},"3":{"loc":{"start":{"line":1,"column":287},"end":{"line":1,"column":294}},"type":"binary-expr","locations":[{"start":{"line":1,"column":287},"end":{"line":1,"column":288}},{"start":{"line":1,"column":290},"end":{"line":1,"column":294}}],"line":1},"4":{"loc":{"start":{"line":1,"column":295},"end":{"line":1,"column":337}},"type":"cond-expr","locations":[{"start":{"line":1,"column":324},"end":{"line":1,"column":333}},{"start":{"line":1,"column":334},"end":{"line":1,"column":337}}],"line":1},"5":{"loc":{"start":{"line":1,"column":295},"end":{"line":1,"column":323}},"type":"binary-expr","locations":[{"start":{"line":1,"column":295},"end":{"line":1,"column":311}},{"start":{"line":1,"column":313},"end":{"line":1,"column":323}}],"line":1},"6":{"loc":{"start":{"line":1,"column":351},"end":{"line":1,"column":378}},"type":"cond-expr","locations":[{"start":{"line":1,"column":365},"end":{"line":1,"column":375}},{"start":{"line":1,"column":376},"end":{"line":1,"column":378}}],"line":1},"7":{"loc":{"start":{"line":1,"column":351},"end":{"line":1,"column":364}},"type":"binary-expr","locations":[{"start":{"line":1,"column":351},"end":{"line":1,"column":352}},{"start":{"line":1,"column":354},"end":{"line":1,"column":364}}],"line":1},"8":{"loc":{"start":{"line":1,"column":388},"end":{"line":1,"column":419}},"type":"cond-expr","locations":[{"start":{"line":1,"column":409},"end":{"line":1,"column":413}},{"start":{"line":1,"column":414},"end":{"line":1,"column":419}}],"line":1}},"s":{"0":1,"1":0,"2":0,"3":0,"4":0,"5":1,"6":1,"7":0,"8":1,"9":1},"f":{"0":0,"1":1},"b":{"0":[1,0],"1":[0,0],"2":[1,0],"3":[1,1],"4":[0,1],"5":[1,0],"6":[0,1],"7":[1,0],"8":[0,1]},"_coverageSchema":"332fd63041d2c1bcb487cc26dd0d5f7d97098a6c","hash":"53d63fae81ff2b78de6bde25e1f220f04029d310"}
}
