{"/Users/davidgarwacke/src/davey/packages/davey-dom/lib/index.js": {"path":"/Users/davidgarwacke/src/davey/packages/davey-dom/lib/index.js","statementMap":{"0":{"start":{"line":1,"column":6},"end":{"line":1,"column":166}},"1":{"start":{"line":1,"column":33},"end":{"line":1,"column":157}},"2":{"start":{"line":1,"column":74},"end":{"line":1,"column":157}},"3":{"start":{"line":1,"column":102},"end":{"line":1,"column":157}},"4":{"start":{"line":1,"column":157},"end":{"line":1,"column":165}},"5":{"start":{"line":1,"column":189},"end":{"line":1,"column":191}},"6":{"start":{"line":1,"column":192},"end":{"line":1,"column":278}},"7":{"start":{"line":1,"column":207},"end":{"line":1,"column":278}},"8":{"start":{"line":1,"column":278},"end":{"line":1,"column":437}},"9":{"start":{"line":1,"column":345},"end":{"line":1,"column":346}},"10":{"start":{"line":1,"column":347},"end":{"line":1,"column":436}},"11":{"start":{"line":1,"column":400},"end":{"line":1,"column":436}},"12":{"start":{"line":1,"column":437},"end":{"line":1,"column":445}},"13":{"start":{"line":1,"column":452},"end":{"line":1,"column":696}},"14":{"start":{"line":1,"column":475},"end":{"line":1,"column":511}},"15":{"start":{"line":1,"column":534},"end":{"line":1,"column":569}},"16":{"start":{"line":1,"column":591},"end":{"line":1,"column":637}},"17":{"start":{"line":1,"column":616},"end":{"line":1,"column":635}},"18":{"start":{"line":1,"column":668},"end":{"line":1,"column":694}},"19":{"start":{"line":1,"column":699},"end":{"line":1,"column":775}},"20":{"start":{"line":1,"column":713},"end":{"line":1,"column":774}},"21":{"start":{"line":1,"column":757},"end":{"line":1,"column":774}},"22":{"start":{"line":1,"column":778},"end":{"line":1,"column":1181}},"23":{"start":{"line":1,"column":796},"end":{"line":1,"column":800}},"24":{"start":{"line":1,"column":803},"end":{"line":1,"column":807}},"25":{"start":{"line":1,"column":810},"end":{"line":1,"column":820}},"26":{"start":{"line":1,"column":823},"end":{"line":1,"column":840}},"27":{"start":{"line":1,"column":843},"end":{"line":1,"column":868}},"28":{"start":{"line":1,"column":869},"end":{"line":1,"column":1180}},"29":{"start":{"line":1,"column":894},"end":{"line":1,"column":951}},"30":{"start":{"line":1,"column":913},"end":{"line":1,"column":940}},"31":{"start":{"line":1,"column":1016},"end":{"line":1,"column":1134}},"32":{"start":{"line":1,"column":1028},"end":{"line":1,"column":1032}},"33":{"start":{"line":1,"column":1035},"end":{"line":1,"column":1039}},"34":{"start":{"line":1,"column":1042},"end":{"line":1,"column":1052}},"35":{"start":{"line":1,"column":1055},"end":{"line":1,"column":1070}},"36":{"start":{"line":1,"column":1073},"end":{"line":1,"column":1090}},"37":{"start":{"line":1,"column":1091},"end":{"line":1,"column":1133}},"38":{"start":{"line":1,"column":1182},"end":{"line":1,"column":1247}},"39":{"start":{"line":1,"column":1211},"end":{"line":1,"column":1245}}},"fnMap":{"0":{"name":"(anonymous_0)","decl":{"start":{"line":1,"column":21},"end":{"line":1,"column":22}},"loc":{"start":{"line":1,"column":32},"end":{"line":1,"column":166}},"line":1},"1":{"name":"r","decl":{"start":{"line":1,"column":176},"end":{"line":1,"column":177}},"loc":{"start":{"line":1,"column":182},"end":{"line":1,"column":446}},"line":1},"2":{"name":"(anonymous_2)","decl":{"start":{"line":1,"column":461},"end":{"line":1,"column":462}},"loc":{"start":{"line":1,"column":474},"end":{"line":1,"column":512}},"line":1},"3":{"name":"(anonymous_3)","decl":{"start":{"line":1,"column":520},"end":{"line":1,"column":521}},"loc":{"start":{"line":1,"column":533},"end":{"line":1,"column":570}},"line":1},"4":{"name":"(anonymous_4)","decl":{"start":{"line":1,"column":577},"end":{"line":1,"column":578}},"loc":{"start":{"line":1,"column":590},"end":{"line":1,"column":638}},"line":1},"5":{"name":"(anonymous_5)","decl":{"start":{"line":1,"column":602},"end":{"line":1,"column":603}},"loc":{"start":{"line":1,"column":615},"end":{"line":1,"column":636}},"line":1},"6":{"name":"(anonymous_6)","decl":{"start":{"line":1,"column":652},"end":{"line":1,"column":653}},"loc":{"start":{"line":1,"column":667},"end":{"line":1,"column":695}},"line":1},"7":{"name":"(anonymous_7)","decl":{"start":{"line":1,"column":699},"end":{"line":1,"column":700}},"loc":{"start":{"line":1,"column":712},"end":{"line":1,"column":775}},"line":1},"8":{"name":"(anonymous_8)","decl":{"start":{"line":1,"column":778},"end":{"line":1,"column":779}},"loc":{"start":{"line":1,"column":789},"end":{"line":1,"column":1181}},"line":1},"9":{"name":"(anonymous_9)","decl":{"start":{"line":1,"column":880},"end":{"line":1,"column":881}},"loc":{"start":{"line":1,"column":893},"end":{"line":1,"column":952}},"line":1},"10":{"name":"(anonymous_10)","decl":{"start":{"line":1,"column":901},"end":{"line":1,"column":902}},"loc":{"start":{"line":1,"column":912},"end":{"line":1,"column":941}},"line":1},"11":{"name":"(anonymous_11)","decl":{"start":{"line":1,"column":1004},"end":{"line":1,"column":1005}},"loc":{"start":{"line":1,"column":1015},"end":{"line":1,"column":1135}},"line":1},"12":{"name":"(anonymous_12)","decl":{"start":{"line":1,"column":1197},"end":{"line":1,"column":1198}},"loc":{"start":{"line":1,"column":1210},"end":{"line":1,"column":1246}},"line":1}},"branchMap":{"0":{"loc":{"start":{"line":1,"column":6},"end":{"line":1,"column":166}},"type":"binary-expr","locations":[{"start":{"line":1,"column":6},"end":{"line":1,"column":19}},{"start":{"line":1,"column":21},"end":{"line":1,"column":166}}],"line":1},"1":{"loc":{"start":{"line":1,"column":102},"end":{"line":1,"column":156}},"type":"binary-expr","locations":[{"start":{"line":1,"column":102},"end":{"line":1,"column":143}},{"start":{"line":1,"column":146},"end":{"line":1,"column":155}}],"line":1},"2":{"loc":{"start":{"line":1,"column":207},"end":{"line":1,"column":277}},"type":"binary-expr","locations":[{"start":{"line":1,"column":207},"end":{"line":1,"column":248}},{"start":{"line":1,"column":250},"end":{"line":1,"column":264}},{"start":{"line":1,"column":267},"end":{"line":1,"column":276}}],"line":1},"3":{"loc":{"start":{"line":1,"column":278},"end":{"line":1,"column":437}},"type":"if","locations":[{"start":{"line":1,"column":278},"end":{"line":1,"column":437}},{"start":{"line":1,"column":278},"end":{"line":1,"column":437}}],"line":1},"4":{"loc":{"start":{"line":1,"column":281},"end":{"line":1,"column":337}},"type":"binary-expr","locations":[{"start":{"line":1,"column":281},"end":{"line":1,"column":288}},{"start":{"line":1,"column":290},"end":{"line":1,"column":337}}],"line":1},"5":{"loc":{"start":{"line":1,"column":400},"end":{"line":1,"column":436}},"type":"binary-expr","locations":[{"start":{"line":1,"column":400},"end":{"line":1,"column":417}},{"start":{"line":1,"column":420},"end":{"line":1,"column":435}}],"line":1},"6":{"loc":{"start":{"line":1,"column":920},"end":{"line":1,"column":940}},"type":"binary-expr","locations":[{"start":{"line":1,"column":920},"end":{"line":1,"column":924}},{"start":{"line":1,"column":926},"end":{"line":1,"column":940}}],"line":1},"7":{"loc":{"start":{"line":1,"column":954},"end":{"line":1,"column":1178}},"type":"cond-expr","locations":[{"start":{"line":1,"column":994},"end":{"line":1,"column":1136}},{"start":{"line":1,"column":1137},"end":{"line":1,"column":1178}}],"line":1},"8":{"loc":{"start":{"line":1,"column":954},"end":{"line":1,"column":993}},"type":"binary-expr","locations":[{"start":{"line":1,"column":954},"end":{"line":1,"column":970}},{"start":{"line":1,"column":972},"end":{"line":1,"column":993}}],"line":1},"9":{"loc":{"start":{"line":1,"column":1016},"end":{"line":1,"column":1134}},"type":"if","locations":[{"start":{"line":1,"column":1016},"end":{"line":1,"column":1134}},{"start":{"line":1,"column":1016},"end":{"line":1,"column":1134}}],"line":1},"10":{"loc":{"start":{"line":1,"column":1055},"end":{"line":1,"column":1070}},"type":"cond-expr","locations":[{"start":{"line":1,"column":1066},"end":{"line":1,"column":1068}},{"start":{"line":1,"column":1069},"end":{"line":1,"column":1070}}],"line":1}},"s":{"0":1,"1":0,"2":0,"3":0,"4":0,"5":1,"6":1,"7":1,"8":1,"9":1,"10":1,"11":0,"12":1,"13":1,"14":0,"15":0,"16":0,"17":0,"18":0,"19":1,"20":1,"21":0,"22":1,"23":1,"24":1,"25":1,"26":1,"27":1,"28":1,"29":0,"30":0,"31":0,"32":0,"33":0,"34":0,"35":0,"36":0,"37":0,"38":1,"39":1},"f":{"0":0,"1":1,"2":0,"3":0,"4":0,"5":0,"6":0,"7":1,"8":1,"9":0,"10":0,"11":0,"12":1},"b":{"0":[1,0],"1":[0,0],"2":[1,1,0],"3":[1,0],"4":[1,1],"5":[0,0],"6":[0,0],"7":[0,1],"8":[1,1],"9":[0,0],"10":[0,0]},"_coverageSchema":"332fd63041d2c1bcb487cc26dd0d5f7d97098a6c","hash":"190f420148c3bd54bd43d25ca4352fda6d221355"}
,"/Users/davidgarwacke/src/davey/packages/davey/lib/index.js": {"path":"/Users/davidgarwacke/src/davey/packages/davey/lib/index.js","statementMap":{"0":{"start":{"line":1,"column":6},"end":{"line":1,"column":166}},"1":{"start":{"line":1,"column":33},"end":{"line":1,"column":157}},"2":{"start":{"line":1,"column":74},"end":{"line":1,"column":157}},"3":{"start":{"line":1,"column":102},"end":{"line":1,"column":157}},"4":{"start":{"line":1,"column":157},"end":{"line":1,"column":165}},"5":{"start":{"line":1,"column":167},"end":{"line":1,"column":421}},"6":{"start":{"line":1,"column":197},"end":{"line":1,"column":257}},"7":{"start":{"line":1,"column":237},"end":{"line":1,"column":257}},"8":{"start":{"line":1,"column":265},"end":{"line":1,"column":381}},"9":{"start":{"line":1,"column":382},"end":{"line":1,"column":419}}},"fnMap":{"0":{"name":"(anonymous_0)","decl":{"start":{"line":1,"column":21},"end":{"line":1,"column":22}},"loc":{"start":{"line":1,"column":32},"end":{"line":1,"column":166}},"line":1},"1":{"name":"(anonymous_1)","decl":{"start":{"line":1,"column":181},"end":{"line":1,"column":182}},"loc":{"start":{"line":1,"column":196},"end":{"line":1,"column":420}},"line":1}},"branchMap":{"0":{"loc":{"start":{"line":1,"column":6},"end":{"line":1,"column":166}},"type":"binary-expr","locations":[{"start":{"line":1,"column":6},"end":{"line":1,"column":19}},{"start":{"line":1,"column":21},"end":{"line":1,"column":166}}],"line":1},"1":{"loc":{"start":{"line":1,"column":102},"end":{"line":1,"column":156}},"type":"binary-expr","locations":[{"start":{"line":1,"column":102},"end":{"line":1,"column":143}},{"start":{"line":1,"column":146},"end":{"line":1,"column":155}}],"line":1},"2":{"loc":{"start":{"line":1,"column":287},"end":{"line":1,"column":340}},"type":"cond-expr","locations":[{"start":{"line":1,"column":295},"end":{"line":1,"column":337}},{"start":{"line":1,"column":338},"end":{"line":1,"column":340}}],"line":1},"3":{"loc":{"start":{"line":1,"column":287},"end":{"line":1,"column":294}},"type":"binary-expr","locations":[{"start":{"line":1,"column":287},"end":{"line":1,"column":288}},{"start":{"line":1,"column":290},"end":{"line":1,"column":294}}],"line":1},"4":{"loc":{"start":{"line":1,"column":295},"end":{"line":1,"column":337}},"type":"cond-expr","locations":[{"start":{"line":1,"column":324},"end":{"line":1,"column":333}},{"start":{"line":1,"column":334},"end":{"line":1,"column":337}}],"line":1},"5":{"loc":{"start":{"line":1,"column":295},"end":{"line":1,"column":323}},"type":"binary-expr","locations":[{"start":{"line":1,"column":295},"end":{"line":1,"column":311}},{"start":{"line":1,"column":313},"end":{"line":1,"column":323}}],"line":1},"6":{"loc":{"start":{"line":1,"column":351},"end":{"line":1,"column":378}},"type":"cond-expr","locations":[{"start":{"line":1,"column":365},"end":{"line":1,"column":375}},{"start":{"line":1,"column":376},"end":{"line":1,"column":378}}],"line":1},"7":{"loc":{"start":{"line":1,"column":351},"end":{"line":1,"column":364}},"type":"binary-expr","locations":[{"start":{"line":1,"column":351},"end":{"line":1,"column":352}},{"start":{"line":1,"column":354},"end":{"line":1,"column":364}}],"line":1},"8":{"loc":{"start":{"line":1,"column":388},"end":{"line":1,"column":419}},"type":"cond-expr","locations":[{"start":{"line":1,"column":409},"end":{"line":1,"column":413}},{"start":{"line":1,"column":414},"end":{"line":1,"column":419}}],"line":1}},"s":{"0":1,"1":0,"2":0,"3":0,"4":0,"5":1,"6":5,"7":1,"8":5,"9":5},"f":{"0":0,"1":5},"b":{"0":[1,0],"1":[0,0],"2":[5,0],"3":[5,5],"4":[0,5],"5":[5,2],"6":[0,5],"7":[5,0],"8":[0,5]},"_coverageSchema":"332fd63041d2c1bcb487cc26dd0d5f7d97098a6c","hash":"53d63fae81ff2b78de6bde25e1f220f04029d310"}
}
