TN:
SF:/Users/davidgarwacke/src/davey/packages/davey-dom/lib/index.js
FN:1,(anonymous_0)
FN:1,r
FN:1,(anonymous_2)
FN:1,(anonymous_3)
FN:1,(anonymous_4)
FN:1,(anonymous_5)
FN:1,(anonymous_6)
FN:1,(anonymous_7)
FN:1,(anonymous_8)
FN:1,(anonymous_9)
FN:1,(anonymous_10)
FN:1,(anonymous_11)
FN:1,(anonymous_12)
FNF:13
FNH:4
FNDA:0,(anonymous_0)
FNDA:1,r
FNDA:0,(anonymous_2)
FNDA:0,(anonymous_3)
FNDA:0,(anonymous_4)
FNDA:0,(anonymous_5)
FNDA:0,(anonymous_6)
FNDA:1,(anonymous_7)
FNDA:1,(anonymous_8)
FNDA:0,(anonymous_9)
FNDA:0,(anonymous_10)
FNDA:0,(anonymous_11)
FNDA:1,(anonymous_12)
DA:1,1
LF:1
LH:1
BRDA:1,0,0,1
BRDA:1,0,1,0
BRDA:1,1,0,0
BRDA:1,1,1,0
BRDA:1,2,0,1
BRDA:1,2,1,1
BRDA:1,2,2,0
BRDA:1,3,0,1
BRDA:1,3,1,0
BRDA:1,4,0,1
BRDA:1,4,1,1
BRDA:1,5,0,0
BRDA:1,5,1,0
BRDA:1,6,0,0
BRDA:1,6,1,0
BRDA:1,7,0,0
BRDA:1,7,1,1
BRDA:1,8,0,1
BRDA:1,8,1,1
BRDA:1,9,0,0
BRDA:1,9,1,0
BRDA:1,10,0,0
BRDA:1,10,1,0
BRF:23
BRH:9
end_of_record
TN:
SF:/Users/davidgarwacke/src/davey/packages/davey/lib/index.js
FN:1,(anonymous_0)
FN:1,(anonymous_1)
FNF:2
FNH:1
FNDA:0,(anonymous_0)
FNDA:5,(anonymous_1)
DA:1,5
LF:1
LH:1
BRDA:1,0,0,1
BRDA:1,0,1,0
BRDA:1,1,0,0
BRDA:1,1,1,0
BRDA:1,2,0,5
BRDA:1,2,1,0
BRDA:1,3,0,5
BRDA:1,3,1,5
BRDA:1,4,0,0
BRDA:1,4,1,5
BRDA:1,5,0,5
BRDA:1,5,1,2
BRDA:1,6,0,0
BRDA:1,6,1,5
BRDA:1,7,0,5
BRDA:1,7,1,0
BRDA:1,8,0,0
BRDA:1,8,1,5
BRF:18
BRH:10
end_of_record
